
>>>>>>> 28107a4f0cefa0861ecc5f945f0f3d5e25083ec1
INFO - Base de dados criada ou existente.
INFO - rota já gravada
INFO - Base de dados criada ou existente.
INFO - rota já gravada
INFO - Base de dados criada ou existente.
INFO - rota já gravada
INFO - Base de dados criada ou existente.
INFO - Base de dados criada ou existente.
INFO - rota já gravada
INFO - Base de dados criada ou existente.
INFO - rota já gravada
INFO - Verificar se o restaurante está aberto ws2
INFO - Base de dados criada ou existente.
INFO - Base de dados criada ou existente.
INFO - rota já gravada
INFO - Base de dados criada ou existente.
INFO - rota já gravada
INFO - Base de dados criada ou existente.
INFO - rota já gravada
INFO - Base de dados criada ou existente.
INFO - rota já gravada
INFO - Base de dados criada ou existente.
INFO - rota já gravada
INFO - Base de dados criada ou existente.
INFO - rota já gravada
INFO - Base de dados criada ou existente.
INFO - Base de dados criada ou existente.
INFO - rota já gravada
INFO - Base de dados criada ou existente.
INFO - rota já gravada
INFO - Verificar se o restaurante está aberto ws2
INFO - Base de dados criada ou existente.
INFO - rota já gravada
INFO - Base de dados criada ou existente.
INFO - Base de dados criada ou existente.
INFO - rota já gravada
INFO - Base de dados criada ou existente.
INFO - rota já gravada
INFO - Verificar se o restaurante está aberto ws2
INFO - Base de dados criada ou existente.
INFO - rota já gravada
INFO - Base de dados criada ou existente.
INFO - Base de dados criada ou existente.
INFO - rota já gravada
INFO - Base de dados criada ou existente.
INFO - rota já gravada
INFO - Verificar se o restaurante está aberto ws2
INFO - Base de dados criada ou existente.
INFO - rota já gravada
INFO - Base de dados criada ou existente.
INFO - rota já gravada
INFO - Base de dados criada ou existente.
INFO - Base de dados criada ou existente.
INFO - rota já gravada
INFO - Base de dados criada ou existente.
INFO - rota já gravada
INFO - Verificar se o restaurante está aberto ws2
INFO - Base de dados criada ou existente.
INFO - rota já gravada
INFO - Base de dados criada ou existente.
INFO - rota já gravada
INFO - Base de dados criada ou existente.
INFO - rota já gravada
INFO - Base de dados criada ou existente.
INFO - rota já gravada
INFO - Base de dados criada ou existente.
INFO - Base de dados criada ou existente.
INFO - rota já gravada
INFO - Base de dados criada ou existente.
INFO - rota já gravada
INFO - Verificar se o restaurante está aberto ws2
INFO - Base de dados criada ou existente.
INFO - rota já gravada
INFO - Base de dados criada ou existente.
INFO - rota já gravada
INFO - Base de dados criada ou existente.
INFO - rota já gravada
INFO - Base de dados criada ou existente.
INFO - rota já gravada
INFO - Base de dados criada ou existente.
INFO - rota já gravada
INFO - Base de dados criada ou existente.
INFO - rota já gravada
INFO - Base de dados criada ou existente.
INFO - rota já gravada
INFO - Base de dados criada ou existente.
INFO - rota já gravada
INFO - Base de dados criada ou existente.
INFO - rota já gravada
INFO - Base de dados criada ou existente.
INFO - rota já gravada
INFO - Base de dados criada ou existente.
INFO - rota já gravada
INFO - Base de dados criada ou existente.
INFO - rota já gravada
INFO - Base de dados criada ou existente.
INFO - rota já gravada
INFO - Base de dados criada ou existente.
INFO - rota já gravada
INFO - Base de dados criada ou existente.
INFO - rota já gravada
INFO - Base de dados criada ou existente.
INFO - rota já gravada
INFO - Base de dados criada ou existente.
INFO - rota já gravada
INFO - Base de dados criada ou existente.
INFO - rota já gravada
INFO - Base de dados criada ou existente.
INFO - rota já gravada
INFO - Base de dados criada ou existente.
INFO - rota já gravada
INFO - Base de dados criada ou existente.
INFO - rota já gravada
INFO - Base de dados criada ou existente.
INFO - rota já gravada
INFO - Base de dados criada ou existente.
INFO - rota já gravada
INFO - Base de dados criada ou existente.
INFO - rota já gravada
INFO - Base de dados criada ou existente.
INFO - rota já gravada
INFO - Base de dados criada ou existente.
INFO - rota já gravada
INFO - Base de dados criada ou existente.
INFO - rota já gravada
INFO - Base de dados criada ou existente.
INFO - rota já gravada
INFO - Base de dados criada ou existente.
INFO - rota já gravada
INFO - Base de dados criada ou existente.
INFO - rota já gravada
INFO - Base de dados criada ou existente.
INFO - rota já gravada
INFO - Base de dados criada ou existente.
INFO - rota já gravada
INFO - Base de dados criada ou existente.
INFO - rota já gravada
INFO - Base de dados criada ou existente.
INFO - rota já gravada
INFO - Base de dados criada ou existente.
INFO - Base de dados criada ou existente.
INFO - rota já gravada
INFO - Base de dados criada ou existente.
INFO - rota já gravada
INFO - Verificar se o restaurante está aberto ws2
INFO - Base de dados criada ou existente.
INFO - Base de dados criada ou existente.
INFO - rota já gravada
INFO - Base de dados criada ou existente.
INFO - rota já gravada
INFO - Verificar se o restaurante está aberto ws2
INFO - Base de dados criada ou existente.
INFO - Base de dados criada ou existente.
INFO - rota já gravada
INFO - Base de dados criada ou existente.
INFO - rota já gravada
INFO - Verificar se o restaurante está aberto ws2
INFO - Base de dados criada ou existente.
INFO - Base de dados criada ou existente.
INFO - rota já gravada
INFO - Base de dados criada ou existente.
INFO - rota já gravada
INFO - Verificar se o restaurante está aberto ws2
INFO - Base de dados criada ou existente.
INFO - rota já gravada
INFO - Base de dados criada ou existente.
INFO - rota já gravada
INFO - Base de dados criada ou existente.
INFO - rota já gravada
INFO - Base de dados criada ou existente.
INFO - Base de dados criada ou existente.
INFO - rota já gravada
INFO - Base de dados criada ou existente.
INFO - rota já gravada
INFO - Restaurantes com localidade: port
INFO - Base de dados criada ou existente.
INFO - Base de dados criada ou existente.
INFO - rota já gravada
INFO - Base de dados criada ou existente.
INFO - rota já gravada
INFO - Restaurantes com localidade: port
INFO - Base de dados criada ou existente.
INFO - Base de dados criada ou existente.
INFO - rota já gravada
INFO - Base de dados criada ou existente.
INFO - rota já gravada
INFO - Restaurantes com localidade: porto
